<?xml version="1.0" encoding="UTF-8"?>
<!-- Generated by org.testng.reporters.JUnitReportReporter -->
<testsuite hostname="LAPTOP-L8DJVMDE" failures="0" tests="1" name="ExtentReport.LoginDemoWeb" time="8.849" errors="0" timestamp="2025-01-22T11:58:31 IST" skipped="0">
  <testcase classname="ExtentReport.LoginDemoWeb" name="login" time="8.849"/>
  <system-out/>
</testsuite> <!-- ExtentReport.LoginDemoWeb -->
