<?xml version="1.0" encoding="UTF-8"?>
<!-- Generated by org.testng.reporters.JUnitReportReporter -->
<testsuite hostname="LAPTOP-L8DJVMDE" failures="0" tests="1" name="ExtentReport.ToLearnScreenShot" time="5.802" errors="0" timestamp="2025-01-22T11:41:10 IST" skipped="0">
  <testcase classname="ExtentReport.ToLearnScreenShot" name="screenShot" time="5.802"/>
  <system-out/>
</testsuite> <!-- ExtentReport.ToLearnScreenShot -->
