<?xml version="1.0" encoding="UTF-8"?>
<!-- Generated by org.testng.reporters.JUnitReportReporter -->
<testsuite hostname="LAPTOP-L8DJVMDE" failures="0" tests="1" name="ExtentReport.ToLearnExtentReport" time="0.537" errors="0" timestamp="2025-01-22T11:12:58 IST" skipped="0">
  <testcase classname="ExtentReport.ToLearnExtentReport" name="createReport" time="0.537"/>
  <system-out/>
</testsuite> <!-- ExtentReport.ToLearnExtentReport -->
