<?xml version="1.0" encoding="UTF-8"?>
<!-- Generated by org.testng.reporters.JUnitReportReporter -->
<testsuite hostname="LAPTOP-L8DJVMDE" failures="0" tests="1" name="Cars.FerrariTest" time="6.488" errors="0" timestamp="2025-01-20T10:51:31 IST" skipped="0">
  <testcase classname="Cars.FerrariTest" name="ferrari" time="6.488"/>
  <system-out>
    <![CDATA[Official site is launched]]>
  </system-out>
</testsuite> <!-- Cars.FerrariTest -->
